                              1 ;--------------------------------------------------------
                              2 ; File Created by SDCC : free open source ANSI-C Compiler
                              3 ; Version 3.6.8 #9946 (Linux)
                              4 ;--------------------------------------------------------
                              5 	.module enemy
                              6 	.optsdcc -mz80
                              7 	
                              8 ;--------------------------------------------------------
                              9 ; Public variables in this module
                             10 ;--------------------------------------------------------
                             11 	.globl _sp_enemy
                             12 ;--------------------------------------------------------
                             13 ; special function registers
                             14 ;--------------------------------------------------------
                             15 ;--------------------------------------------------------
                             16 ; ram data
                             17 ;--------------------------------------------------------
                             18 	.area _DATA
                             19 ;--------------------------------------------------------
                             20 ; ram data
                             21 ;--------------------------------------------------------
                             22 	.area _INITIALIZED
                             23 ;--------------------------------------------------------
                             24 ; absolute external ram data
                             25 ;--------------------------------------------------------
                             26 	.area _DABS (ABS)
                             27 ;--------------------------------------------------------
                             28 ; global & static initialisations
                             29 ;--------------------------------------------------------
                             30 	.area _HOME
                             31 	.area _GSINIT
                             32 	.area _GSFINAL
                             33 	.area _GSINIT
                             34 ;--------------------------------------------------------
                             35 ; Home
                             36 ;--------------------------------------------------------
                             37 	.area _HOME
                             38 	.area _HOME
                             39 ;--------------------------------------------------------
                             40 ; code
                             41 ;--------------------------------------------------------
                             42 	.area _CODE
                             43 	.area _CODE
   0000                      44 _sp_enemy:
   0000 00                   45 	.db #0x00	; 0
   0001 00                   46 	.db #0x00	; 0
   0002 00                   47 	.db #0x00	; 0
   0003 00                   48 	.db #0x00	; 0
   0004 00                   49 	.db #0x00	; 0
   0005 55                   50 	.db #0x55	; 85	'U'
   0006 AA                   51 	.db #0xaa	; 170
   0007 00                   52 	.db #0x00	; 0
   0008 00                   53 	.db #0x00	; 0
   0009 55                   54 	.db #0x55	; 85	'U'
   000A AA                   55 	.db #0xaa	; 170
   000B 00                   56 	.db #0x00	; 0
   000C 00                   57 	.db #0x00	; 0
   000D 0C                   58 	.db #0x0c	; 12
   000E 0C                   59 	.db #0x0c	; 12
   000F 00                   60 	.db #0x00	; 0
   0010 00                   61 	.db #0x00	; 0
   0011 0C                   62 	.db #0x0c	; 12
   0012 0C                   63 	.db #0x0c	; 12
   0013 00                   64 	.db #0x00	; 0
   0014 55                   65 	.db #0x55	; 85	'U'
   0015 0C                   66 	.db #0x0c	; 12
   0016 0C                   67 	.db #0x0c	; 12
   0017 00                   68 	.db #0x00	; 0
   0018 55                   69 	.db #0x55	; 85	'U'
   0019 0C                   70 	.db #0x0c	; 12
   001A 0C                   71 	.db #0x0c	; 12
   001B 00                   72 	.db #0x00	; 0
   001C 55                   73 	.db #0x55	; 85	'U'
   001D 0C                   74 	.db #0x0c	; 12
   001E 0C                   75 	.db #0x0c	; 12
   001F 00                   76 	.db #0x00	; 0
   0020 55                   77 	.db #0x55	; 85	'U'
   0021 0C                   78 	.db #0x0c	; 12
   0022 0C                   79 	.db #0x0c	; 12
   0023 00                   80 	.db #0x00	; 0
   0024 55                   81 	.db #0x55	; 85	'U'
   0025 0C                   82 	.db #0x0c	; 12
   0026 0C                   83 	.db #0x0c	; 12
   0027 00                   84 	.db #0x00	; 0
   0028 55                   85 	.db #0x55	; 85	'U'
   0029 0C                   86 	.db #0x0c	; 12
   002A 0C                   87 	.db #0x0c	; 12
   002B 00                   88 	.db #0x00	; 0
   002C 00                   89 	.db #0x00	; 0
   002D 0C                   90 	.db #0x0c	; 12
   002E 0C                   91 	.db #0x0c	; 12
   002F 00                   92 	.db #0x00	; 0
   0030 00                   93 	.db #0x00	; 0
   0031 0C                   94 	.db #0x0c	; 12
   0032 0C                   95 	.db #0x0c	; 12
   0033 00                   96 	.db #0x00	; 0
   0034 00                   97 	.db #0x00	; 0
   0035 00                   98 	.db #0x00	; 0
   0036 00                   99 	.db #0x00	; 0
   0037 00                  100 	.db #0x00	; 0
   0038 00                  101 	.db #0x00	; 0
   0039 00                  102 	.db #0x00	; 0
   003A 00                  103 	.db #0x00	; 0
   003B 00                  104 	.db #0x00	; 0
   003C 00                  105 	.db #0x00	; 0
   003D 00                  106 	.db #0x00	; 0
   003E 00                  107 	.db #0x00	; 0
   003F 00                  108 	.db #0x00	; 0
                            109 	.area _INITIALIZER
                            110 	.area _CABS (ABS)
