                              1 ;--------------------------------------------------------
                              2 ; File Created by SDCC : free open source ANSI-C Compiler
                              3 ; Version 3.6.8 #9946 (Linux)
                              4 ;--------------------------------------------------------
                              5 	.module player
                              6 	.optsdcc -mz80
                              7 	
                              8 ;--------------------------------------------------------
                              9 ; Public variables in this module
                             10 ;--------------------------------------------------------
                             11 	.globl _sp_player
                             12 ;--------------------------------------------------------
                             13 ; special function registers
                             14 ;--------------------------------------------------------
                             15 ;--------------------------------------------------------
                             16 ; ram data
                             17 ;--------------------------------------------------------
                             18 	.area _DATA
                             19 ;--------------------------------------------------------
                             20 ; ram data
                             21 ;--------------------------------------------------------
                             22 	.area _INITIALIZED
                             23 ;--------------------------------------------------------
                             24 ; absolute external ram data
                             25 ;--------------------------------------------------------
                             26 	.area _DABS (ABS)
                             27 ;--------------------------------------------------------
                             28 ; global & static initialisations
                             29 ;--------------------------------------------------------
                             30 	.area _HOME
                             31 	.area _GSINIT
                             32 	.area _GSFINAL
                             33 	.area _GSINIT
                             34 ;--------------------------------------------------------
                             35 ; Home
                             36 ;--------------------------------------------------------
                             37 	.area _HOME
                             38 	.area _HOME
                             39 ;--------------------------------------------------------
                             40 ; code
                             41 ;--------------------------------------------------------
                             42 	.area _CODE
                             43 	.area _CODE
   0000                      44 _sp_player:
   0000 03                   45 	.db #0x03	; 3
   0001 03                   46 	.db #0x03	; 3
   0002 03                   47 	.db #0x03	; 3
   0003 03                   48 	.db #0x03	; 3
   0004 02                   49 	.db #0x02	; 2
   0005 54                   50 	.db #0x54	; 84	'T'
   0006 A8                   51 	.db #0xa8	; 168
   0007 01                   52 	.db #0x01	; 1
   0008 02                   53 	.db #0x02	; 2
   0009 51                   54 	.db #0x51	; 81	'Q'
   000A A2                   55 	.db #0xa2	; 162
   000B 01                   56 	.db #0x01	; 1
   000C 02                   57 	.db #0x02	; 2
   000D D9                   58 	.db #0xd9	; 217
   000E E6                   59 	.db #0xe6	; 230
   000F 01                   60 	.db #0x01	; 1
   0010 02                   61 	.db #0x02	; 2
   0011 61                   62 	.db #0x61	; 97	'a'
   0012 92                   63 	.db #0x92	; 146
   0013 01                   64 	.db #0x01	; 1
   0014 56                   65 	.db #0x56	; 86	'V'
   0015 30                   66 	.db #0x30	; 48	'0'
   0016 30                   67 	.db #0x30	; 48	'0'
   0017 01                   68 	.db #0x01	; 1
   0018 53                   69 	.db #0x53	; 83	'S'
   0019 30                   70 	.db #0x30	; 48	'0'
   001A 30                   71 	.db #0x30	; 48	'0'
   001B 01                   72 	.db #0x01	; 1
   001C 53                   73 	.db #0x53	; 83	'S'
   001D 30                   74 	.db #0x30	; 48	'0'
   001E 30                   75 	.db #0x30	; 48	'0'
   001F 01                   76 	.db #0x01	; 1
   0020 53                   77 	.db #0x53	; 83	'S'
   0021 30                   78 	.db #0x30	; 48	'0'
   0022 30                   79 	.db #0x30	; 48	'0'
   0023 01                   80 	.db #0x01	; 1
   0024 53                   81 	.db #0x53	; 83	'S'
   0025 30                   82 	.db #0x30	; 48	'0'
   0026 30                   83 	.db #0x30	; 48	'0'
   0027 01                   84 	.db #0x01	; 1
   0028 56                   85 	.db #0x56	; 86	'V'
   0029 30                   86 	.db #0x30	; 48	'0'
   002A 30                   87 	.db #0x30	; 48	'0'
   002B 01                   88 	.db #0x01	; 1
   002C 02                   89 	.db #0x02	; 2
   002D 30                   90 	.db #0x30	; 48	'0'
   002E 30                   91 	.db #0x30	; 48	'0'
   002F 01                   92 	.db #0x01	; 1
   0030 02                   93 	.db #0x02	; 2
   0031 CC                   94 	.db #0xcc	; 204
   0032 CC                   95 	.db #0xcc	; 204
   0033 01                   96 	.db #0x01	; 1
   0034 02                   97 	.db #0x02	; 2
   0035 00                   98 	.db #0x00	; 0
   0036 00                   99 	.db #0x00	; 0
   0037 01                  100 	.db #0x01	; 1
   0038 02                  101 	.db #0x02	; 2
   0039 00                  102 	.db #0x00	; 0
   003A 00                  103 	.db #0x00	; 0
   003B 01                  104 	.db #0x01	; 1
   003C 03                  105 	.db #0x03	; 3
   003D 03                  106 	.db #0x03	; 3
   003E 03                  107 	.db #0x03	; 3
   003F 03                  108 	.db #0x03	; 3
                            109 	.area _INITIALIZER
                            110 	.area _CABS (ABS)
